{
  "0 debug pnpm:scope": {
    "selected": 1
  },
  "1 info pnpm": {
    "err": {
      "name": "Error",
      "message": "not found: unistall",
      "code": "ENOENT",
      "stack": "Error: not found: unistall\n    at getNotFoundError (/usr/lib/node_modules/pnpm/dist/pnpm.cjs:41702:51)\n    at Function.whichSync [as sync] (/usr/lib/node_modules/pnpm/dist/pnpm.cjs:41779:13)\n    at getCommandAbsolutePathSync (/usr/lib/node_modules/pnpm/dist/pnpm.cjs:43344:44)\n    at default_1 (/usr/lib/node_modules/pnpm/dist/pnpm.cjs:43353:32)\n    at /usr/lib/node_modules/pnpm/dist/pnpm.cjs:178391:39"
    }
  },
  "2 error pnpm": {
    "code": "ERR_PNPM_RECURSIVE_EXEC_FIRST_FAIL",
    "prefix": "/var/www/html/HIRING-CODERS-3/semana-3/GraphQL/client-server-example",
    "err": {
      "name": "pnpm",
      "message": "not found: unistall",
      "code": "ERR_PNPM_RECURSIVE_EXEC_FIRST_FAIL",
      "stack": "Error: not found: unistall\n    at getNotFoundError (/usr/lib/node_modules/pnpm/dist/pnpm.cjs:41702:51)\n    at Function.whichSync [as sync] (/usr/lib/node_modules/pnpm/dist/pnpm.cjs:41779:13)\n    at getCommandAbsolutePathSync (/usr/lib/node_modules/pnpm/dist/pnpm.cjs:43344:44)\n    at default_1 (/usr/lib/node_modules/pnpm/dist/pnpm.cjs:43353:32)\n    at /usr/lib/node_modules/pnpm/dist/pnpm.cjs:178391:39"
    }
  }
}